2015-04-15 19:16:55.256 [INFO ] [main] [AbstractApplicationContext.prepareRefresh] (AbstractApplicationContext.java:510) - Refreshing org.springframework.context.support.ClassPathXmlApplicationContext@1c3a4799: startup date [Wed Apr 15 19:16:55 CST 2015]; root of context hierarchy
2015-04-15 19:16:55.292 [INFO ] [main] [XmlBeanDefinitionReader.loadBeanDefinitions] (XmlBeanDefinitionReader.java:317) - Loading XML bean definitions from class path resource [spring4-servlet.xml]
2015-04-15 19:16:55.396 [INFO ] [main] [XmlBeanDefinitionReader.loadBeanDefinitions] (XmlBeanDefinitionReader.java:317) - Loading XML bean definitions from URL [file:/home/kim/git/spring4/rest-xmlconfig/target/classes/quartz-context.xml]
2015-04-15 19:16:55.680 [INFO ] [main] [AutowiredAnnotationBeanPostProcessor.<init>] (AutowiredAnnotationBeanPostProcessor.java:153) - JSR-330 'javax.inject.Inject' annotation found and supported for autowiring
2015-04-15 19:16:55.863 [INFO ] [main] [StdSchedulerFactory.instantiate] (StdSchedulerFactory.java:1184) - Using default implementation for ThreadExecutor
2015-04-15 19:16:55.883 [INFO ] [main] [SchedulerSignalerImpl.<init>] (SchedulerSignalerImpl.java:61) - Initialized Scheduler Signaller of type: class org.quartz.core.SchedulerSignalerImpl
2015-04-15 19:16:55.885 [INFO ] [main] [QuartzScheduler.<init>] (QuartzScheduler.java:240) - Quartz Scheduler v.2.2.1 created.
2015-04-15 19:16:55.886 [INFO ] [main] [RAMJobStore.initialize] (RAMJobStore.java:155) - RAMJobStore initialized.
2015-04-15 19:16:55.887 [INFO ] [main] [QuartzScheduler.initialize] (QuartzScheduler.java:305) - Scheduler meta-data: Quartz Scheduler (v2.2.1) 'org.springframework.scheduling.quartz.SchedulerFactoryBean#0' with instanceId 'NON_CLUSTERED'
  Scheduler class: 'org.quartz.core.QuartzScheduler' - running locally.
  NOT STARTED.
  Currently in standby mode.
  Number of jobs executed: 0
  Using thread pool 'org.quartz.simpl.SimpleThreadPool' - with 10 threads.
  Using job-store 'org.quartz.simpl.RAMJobStore' - which does not support persistence. and is not clustered.

2015-04-15 19:16:55.888 [INFO ] [main] [StdSchedulerFactory.instantiate] (StdSchedulerFactory.java:1339) - Quartz scheduler 'org.springframework.scheduling.quartz.SchedulerFactoryBean#0' initialized from an externally provided properties instance.
2015-04-15 19:16:55.888 [INFO ] [main] [StdSchedulerFactory.instantiate] (StdSchedulerFactory.java:1343) - Quartz scheduler version: 2.2.1
2015-04-15 19:16:55.890 [INFO ] [main] [QuartzScheduler.setJobFactory] (QuartzScheduler.java:2311) - JobFactory set to: org.springframework.scheduling.quartz.AdaptableJobFactory@201a4587
2015-04-15 19:16:56.036 [INFO ] [main] [AbstractHandlerMethodMapping.registerHandlerMethod] (AbstractHandlerMethodMapping.java:217) - Mapped "{[/service/greeting/{name}],methods=[GET],params=[],headers=[],consumes=[],produces=[],custom=[]}" onto public java.lang.String solid.humank.spring4.rest.controller.HelloResource.sayHello(java.lang.String)
2015-04-15 19:16:56.165 [INFO ] [main] [RequestMappingHandlerAdapter.initControllerAdviceCache] (RequestMappingHandlerAdapter.java:517) - Looking for @ControllerAdvice: org.springframework.context.support.ClassPathXmlApplicationContext@1c3a4799: startup date [Wed Apr 15 19:16:55 CST 2015]; root of context hierarchy
2015-04-15 19:16:56.197 [INFO ] [main] [RequestMappingHandlerAdapter.initControllerAdviceCache] (RequestMappingHandlerAdapter.java:517) - Looking for @ControllerAdvice: org.springframework.context.support.ClassPathXmlApplicationContext@1c3a4799: startup date [Wed Apr 15 19:16:55 CST 2015]; root of context hierarchy
2015-04-15 19:16:56.226 [INFO ] [main] [DefaultLifecycleProcessor$LifecycleGroup.start] (DefaultLifecycleProcessor.java:341) - Starting beans in phase 2147483647
2015-04-15 19:16:56.226 [INFO ] [main] [SchedulerFactoryBean.startScheduler] (SchedulerFactoryBean.java:647) - Starting Quartz Scheduler now
2015-04-15 19:16:56.227 [INFO ] [main] [QuartzScheduler.start] (QuartzScheduler.java:575) - Scheduler org.springframework.scheduling.quartz.SchedulerFactoryBean#0_$_NON_CLUSTERED started.
